Determining if the pthread_create exist failed with the following output:
Change Dir: /home/mast9/HELICS-Examples/cpp/comboFederate1/build/CMakeFiles/CMakeTmp

Run Build Command:"/usr/bin/make" "cmTC_66d8a/fast"
/usr/bin/make -f CMakeFiles/cmTC_66d8a.dir/build.make CMakeFiles/cmTC_66d8a.dir/build
make[1]: Entering directory '/home/mast9/HELICS-Examples/cpp/comboFederate1/build/CMakeFiles/CMakeTmp'
Building C object CMakeFiles/cmTC_66d8a.dir/CheckSymbolExists.c.o
/usr/bin/cc     -o CMakeFiles/cmTC_66d8a.dir/CheckSymbolExists.c.o   -c /home/mast9/HELICS-Examples/cpp/comboFederate1/build/CMakeFiles/CMakeTmp/CheckSymbolExists.c
Linking C executable cmTC_66d8a
/usr/bin/cmake -E cmake_link_script CMakeFiles/cmTC_66d8a.dir/link.txt --verbose=1
/usr/bin/cc       CMakeFiles/cmTC_66d8a.dir/CheckSymbolExists.c.o  -o cmTC_66d8a 
CMakeFiles/cmTC_66d8a.dir/CheckSymbolExists.c.o: In function `main':
CheckSymbolExists.c:(.text+0x16): undefined reference to `pthread_create'
collect2: error: ld returned 1 exit status
CMakeFiles/cmTC_66d8a.dir/build.make:97: recipe for target 'cmTC_66d8a' failed
make[1]: *** [cmTC_66d8a] Error 1
make[1]: Leaving directory '/home/mast9/HELICS-Examples/cpp/comboFederate1/build/CMakeFiles/CMakeTmp'
Makefile:126: recipe for target 'cmTC_66d8a/fast' failed
make: *** [cmTC_66d8a/fast] Error 2

File /home/mast9/HELICS-Examples/cpp/comboFederate1/build/CMakeFiles/CMakeTmp/CheckSymbolExists.c:
/* */
#include <pthread.h>

int main(int argc, char** argv)
{
  (void)argv;
#ifndef pthread_create
  return ((int*)(&pthread_create))[argc];
#else
  (void)argc;
  return 0;
#endif
}

